<?xml version="1.0" encoding="UTF-8"?>
<!-- Generated by org.testng.reporters.JUnitReportReporter -->
<testsuite hostname="MANIKANTA-PC" name="PackageofDataProvider.ImplicitWaitCRM" tests="1" failures="0" timestamp="22 May 2021 09:27:50 GMT" time="31.873" errors="0">
  <testcase name="VerifyTest" time="31.873" classname="PackageofDataProvider.ImplicitWaitCRM"/>
</testsuite> <!-- PackageofDataProvider.ImplicitWaitCRM -->
