<?xml version="1.0" encoding="UTF-8"?>
<!-- Generated by org.testng.reporters.JUnitReportReporter -->
<testsuite hostname="MANIKANTA-PC" name="DriverFactory.POMTestScript" tests="2" failures="0" timestamp="17 May 2021 18:36:25 GMT" time="112.801" errors="0">
  <testcase name="empAdd" time="53.834" classname="DriverFactory.POMTestScript"/>
  <testcase name="userAdd" time="58.967" classname="DriverFactory.POMTestScript"/>
</testsuite> <!-- DriverFactory.POMTestScript -->
