<?xml version="1.0" encoding="UTF-8"?>
<!-- Generated by org.testng.reporters.JUnitReportReporter -->
<testsuite hostname="MANIKANTA-PC" name="PackageofDataProvider.DataProviderClass" tests="5" failures="0" timestamp="22 May 2021 09:05:32 GMT" time="90.066" errors="0">
  <testcase name="verifyLogin" time="14.207" classname="PackageofDataProvider.DataProviderClass"/>
  <testcase name="verifyLogin" time="14.980" classname="PackageofDataProvider.DataProviderClass"/>
  <testcase name="verifyLogin" time="14.888" classname="PackageofDataProvider.DataProviderClass"/>
  <testcase name="verifyLogin" time="31.779" classname="PackageofDataProvider.DataProviderClass"/>
  <testcase name="verifyLogin" time="14.212" classname="PackageofDataProvider.DataProviderClass"/>
</testsuite> <!-- PackageofDataProvider.DataProviderClass -->
