<?xml version="1.0" encoding="UTF-8"?>
<!-- Generated by org.testng.reporters.JUnitReportReporter -->
<testsuite hostname="MANIKANTA-PC" name="DriverFactory.DataDrivenPOM" tests="1" failures="0" timestamp="18 May 2021 18:13:38 GMT" time="98.402" errors="0">
  <testcase name="adduser" time="98.402" classname="DriverFactory.DataDrivenPOM"/>
</testsuite> <!-- DriverFactory.DataDrivenPOM -->
