<?xml version="1.0" encoding="UTF-8"?>
<!-- Generated by org.testng.reporters.JUnitReportReporter -->
<testsuite hostname="MANIKANTA-PC" name="DriverFactory.KeyWordDriverScript1" tests="1" failures="0" timestamp="22 May 2021 13:07:35 GMT" time="76.619" errors="0">
  <testcase name="startTest" time="76.619" classname="DriverFactory.KeyWordDriverScript1"/>
</testsuite> <!-- DriverFactory.KeyWordDriverScript1 -->
