<?xml version="1.0" encoding="UTF-8"?>
<!-- Generated by org.testng.reporters.JUnitReportReporter -->
<testsuite hostname="MANIKANTA-PC" name="DriverFactory.DataDrivenDriverScript" tests="1" failures="0" timestamp="14 May 2021 17:15:01 GMT" time="81.545" errors="0">
  <testcase name="verifyLogin" time="81.545" classname="DriverFactory.DataDrivenDriverScript"/>
</testsuite> <!-- DriverFactory.DataDrivenDriverScript -->
