<?xml version="1.0" encoding="UTF-8"?>
<!-- Generated by org.testng.reporters.JUnitReportReporter -->
<testsuite hostname="MANIKANTA-PC" name="PackageofDataProvider.CRM" tests="1" failures="0" timestamp="22 May 2021 09:49:03 GMT" time="36.343" errors="0">
  <testcase name="VerifyTest" time="36.343" classname="PackageofDataProvider.CRM"/>
</testsuite> <!-- PackageofDataProvider.CRM -->
